[
{
    "products.csv": {
        "columns": [
            {
                "Column": "productCode",
                "Description": "Unique code assigned to each product.",
                "Format": "Identifier: Starts with a letter followed by numbers (e.g., S10_1678).",
                "Nullable": false,
                "Sample Values": [
                    "S10_1678",
                    "S10_1949",
                    "S10_2016"
                ]
            },
            {
                "Column": "productName",
                "Description": "Name of the product.",
                "Format": "Text: Contains free-form text strings representing names of products.",
                "Nullable": false,
                "Sample Values": [
                    "1969 Harley Davidson Ultimate Chopper",
                    "1952 Alpine Renault 1300",
                    "1996 Moto Guzzi 1100i"
                ]
            },
            {
                "Column": "productLine",
                "Description": "Category or line to which the product belongs.",
                "Format": "Categorical: Represents categories such as Motorcycles, Classic Cars etc.",
                "Nullable": false,
                "Sample Values": [
                    "Motorcycles",
                    "Classic Cars",
                    "Motorcycles"
                ]
            },
            {
                "Column": "productScale",
                "Description": "The scale at which the product is made or represented.",
                "Format": "Text: Contains strings representing scales like 1:10, etc.",
                "Nullable": false,
                "Sample Values": [
                    "1:10",
                    "1:10",
                    "1:10"
                ]
            },
            {
                "Column": "productVendor",
                "Description": "The vendor or manufacturer of the product.",
                "Format": "Text: Contains free-form text strings representing names of vendors.",
                "Nullable": false,
                "Sample Values": [
                    "Min Lin Diecast",
                    "Classic Metal Creations",
                    "Highway 66 Mini Classics"
                ]
            },
            {
                "Column": "productDescription",
                "Description": "Detailed description of the product including features and specifications.",
                "Format": "Text: Contains free-form text strings describing products in detail.",
                "Nullable": false,
                "Sample Values": [
                    "This replica features working kickstand, front suspension, gear-shift lever, footbrake lever, drive chain, wheels and steering. All parts are particularly delicate due to their precise scale and require special care and attention.",
                    "Turnable front wheels, steering function, detailed interior, detailed engine, opening hood, opening trunk, opening doors, and detailed chassis.",
                    "Official Moto Guzzi logos and insignias, saddle bags located on side of motorcycle, detailed engine, working steering, working suspension, two leather seats, luggage rack, dual exhaust pipes, small saddle bag located on handle bars, two-tone paint with chrome accents, superior die-cast detail , rotating wheels , working kick stand, diecast metal with plastic parts and baked enamel finish."
                ]
            },
            {
                "Column": "quantityInStock",
                "Description": "The quantity of the product currently in stock.",
                "Format": "Numeric: Represents integer values indicating quantities.",
                "Nullable": false,
                "Sample Values": [
                    "7933",
                    "7305",
                    "6625"
                ]
            },
            {
                "Column": "buyPrice",
                "Description": "The price at which the product is bought or purchased by the company.",
                "Format": "Numeric: Represents decimal values indicating prices.",
                "Nullable": false,
                "Sample Values": [
                    "48.81",
                    "98.58",
                    "68.99"
                ]
            },
            {
                "Column": "MSRP",
                "Description": "Manufacturer's Suggested Retail Price for the product.",
                "Format": "Numeric: Represents decimal values indicating prices.",
                "Nullable": false,
                "Sample Values": [
                    "95.7",
                    "214.3",
                    "118.94"
                ]
            }
        ]
    }
},
{
    "orders.csv": {
        "columns": [
            {
                "Column": "orderNumber",
                "Description": "A unique identifier assigned to each order.",
                "Format": "Identifier: Starts with a number and consists of integers only.",
                "Nullable": false,
                "Sample Values": [
                    "10100",
                    "10101",
                    "10102"
                ]
            },
            {
                "Column": "orderDate",
                "Description": "The date when the order was placed.",
                "Format": "Datetime: YYYY-MM-DD format.",
                "Nullable": false,
                "Sample Values": [
                    "2003-01-06",
                    "2003-01-09",
                    "2003-01-10"
                ]
            },
            {
                "Column": "requiredDate",
                "Description": "The date by which the order is required to be completed.",
                "Format": "Datetime: YYYY-MM-DD format.",
                "Nullable": false,
                "Sample Values": [
                    "2003-01-13",
                    "2003-01-18",
                    "2003-01-18"
                ]
            },
            {
                "Column": "shippedDate",
                "Description": "The date when the order was shipped.",
                "Format": "Datetime: YYYY-MM-DD format.",
                "Nullable": false,
                "Sample Values": [
                    "2003-01-10",
                    "2003-01-11",
                    "2003-01-14"
                ]
            },
            {
                "Column": "status",
                "Description": "The current status of the order.",
                "Format": "Categorical: Describes the state of an order, such as 'Shipped', 'Cancelled'.",
                "Nullable": false,
                "Sample Values": [
                    "Shipped",
                    "Shipped",
                    "Shipped"
                ]
            },
            {
                "Column": "comments",
                "Description": "Additional notes or comments related to the order.",
                "Format": "Text: Free-form text that can include any information relevant to the order.",
                "Nullable": true,
                "Sample Values": [
                    "Check on availability.",
                    "Difficult to negotiate with customer. We need more marketing materials",
                    "Customer requested that FedEx Ground is used for this shipping"
                ]
            },
            {
                "Column": "customerNumber",
                "Description": "A unique identifier assigned to each customer.",
                "Format": "Identifier: Starts with a number and consists of integers only.",
                "Nullable": false,
                "Sample Values": [
                    "363",
                    "128",
                    "181"
                ]
            }
        ]
    }
},
{
    "employee.csv": {
        "columns": [
            {
                "Column": "employeeNumber",
                "Description": "Unique identifier for each employee.",
                "Format": "Identifier: Starts with a number, no specific pattern provided in samples.",
                "Nullable": false,
                "Sample Values": [
                    "1002",
                    "1056",
                    "1076"
                ]
            },
            {
                "Column": "lastName",
                "Description": "Last name of the employee.",
                "Format": "Text: Contains alphabetic characters only, representing last names.",
                "Nullable": false,
                "Sample Values": [
                    "Murphy",
                    "Patterson",
                    "Firrelli"
                ]
            },
            {
                "Column": "firstName",
                "Description": "First name of the employee.",
                "Format": "Text: Contains alphabetic characters only, representing first names.",
                "Nullable": false,
                "Sample Values": [
                    "Diane",
                    "Mary",
                    "Jeff"
                ]
            },
            {
                "Column": "extension",
                "Description": "Extension number for contacting the employee via phone or internal communication system.",
                "Format": "Text: Starts with 'x' followed by numbers, e.g., x5800.",
                "Nullable": false,
                "Sample Values": [
                    "x5800",
                    "x4611",
                    "x9273"
                ]
            },
            {
                "Column": "email",
                "Description": "Email address of the employee used for official communication.",
                "Format": "Text: Standard email format with '@' and domain, e.g., dmurphy@classicmodelcars.com.",
                "Nullable": false,
                "Sample Values": [
                    "dmurphy@classicmodelcars.com",
                    "mpatterso@classicmodelcars.com",
                    "jfirrelli@classicmodelcars.com"
                ]
            },
            {
                "Column": "officeCode",
                "Description": "Identifier for the office where the employee works.",
                "Format": "Numeric: Integer values representing different offices, e.g., 1.",
                "Nullable": false,
                "Sample Values": [
                    "1",
                    "1",
                    "1"
                ]
            },
            {
                "Column": "reportsTo",
                "Description": "Employee number of the person to whom this employee reports directly. '0' indicates no direct supervisor (e.g., CEO).",
                "Format": "Identifier: Starts with a number, e.g., 0 or 1002.",
                "Nullable": false,
                "Sample Values": [
                    "0",
                    "1002",
                    "1002"
                ]
            },
            {
                "Column": "jobTitle",
                "Description": "Job title of the employee within the organization.",
                "Format": "Text: Contains alphabetic characters and spaces, representing job titles.",
                "Nullable": false,
                "Sample Values": [
                    "President",
                    "VP Sales",
                    "VP Marketing"
                ]
            }
        ]
    }
},
{
    "office.csv": {
        "columns": [
            {
                "Column": "officeCode",
                "Description": "Unique identifier for each office.",
                "Format": "Identifier: Starts with a number like 1, 2, etc.",
                "Nullable": false,
                "Sample Values": [
                    "1",
                    "2",
                    "3"
                ]
            },
            {
                "Column": "city",
                "Description": "The city where the office is located.",
                "Format": "Text: Contains names of cities.",
                "Nullable": false,
                "Sample Values": [
                    "San Francisco",
                    "Boston",
                    "NYC"
                ]
            },
            {
                "Column": "phone",
                "Description": "Phone number for contacting the office.",
                "Format": "Text: Phone numbers with country code and spaces like +1 650 219 4782.",
                "Nullable": false,
                "Sample Values": [
                    "+1 650 219 4782",
                    "+1 215 837 0825",
                    "+1 212 555 3000"
                ]
            },
            {
                "Column": "addressLine1",
                "Description": "First line of the office's street address.",
                "Format": "Text: Contains street names and numbers like '100 Market Street'.",
                "Nullable": false,
                "Sample Values": [
                    "100 Market Street",
                    "1550 Court Place",
                    "523 East 53rd Street"
                ]
            },
            {
                "Column": "addressLine2",
                "Description": "Second line of the office's street address, often an apartment or suite number.",
                "Format": "Text: Contains additional location details like 'Suite 300'.",
                "Nullable": false,
                "Sample Values": [
                    "Suite 300",
                    "Suite 102",
                    "apt. 5A"
                ]
            },
            {
                "Column": "state",
                "Description": "The state where the office is located.",
                "Format": "Text: Contains two-letter abbreviations for states like 'CA'.",
                "Nullable": false,
                "Sample Values": [
                    "CA",
                    "MA",
                    "NY"
                ]
            },
            {
                "Column": "country",
                "Description": "The country where the office is located.",
                "Format": "Categorical: Country names, in this case all are 'USA'.",
                "Nullable": false,
                "Sample Values": [
                    "USA",
                    "USA",
                    "USA"
                ]
            },
            {
                "Column": "postalCode",
                "Description": "The postal or zip code of the office's location.",
                "Format": "Text: Contains numeric codes like '94080'.",
                "Nullable": false,
                "Sample Values": [
                    "94080",
                    "02107",
                    "10022"
                ]
            },
            {
                "Column": "territory",
                "Description": "The territory or region associated with the office.",
                "Format": "Categorical: Contains regions like 'EMEA', 'Japan'.",
                "Nullable": false,
                "Sample Values": [
                    "EMEA",
                    "Japan",
                    "APAC"
                ]
            }
        ]
    }
},
{
    "customer.csv": {
        "columns": [
            {
                "Column": "customerNumber",
                "Description": "Unique identifier for each customer.",
                "Format": "Identifier: Starts with a number like 103, 112, etc.",
                "Nullable": false,
                "Sample Values": [
                    "103",
                    "112",
                    "114"
                ]
            },
            {
                "Column": "customerName",
                "Description": "The full name of the customer or company.",
                "Format": "Text: Contains free-form text strings like 'Atelier graphique'.",
                "Nullable": false,
                "Sample Values": [
                    "Atelier graphique",
                    "Signal Gift Stores",
                    "Australian Collectors, Co."
                ]
            },
            {
                "Column": "contactLastName",
                "Description": "The last name of the contact person for the customer.",
                "Format": "Text: Contains free-form text strings like 'Schmitt'.",
                "Nullable": false,
                "Sample Values": [
                    "Schmitt",
                    "King",
                    "Ferguson"
                ]
            },
            {
                "Column": "contactFirstName",
                "Description": "The first name of the contact person for the customer.",
                "Format": "Text: Contains free-form text strings like 'Carine'.",
                "Nullable": false,
                "Sample Values": [
                    "Carine ",
                    "Jean",
                    "Peter"
                ]
            },
            {
                "Column": "phone",
                "Description": "The phone number of the contact person or company.",
                "Format": "Text: Contains free-form text strings like '40.32.2555'.",
                "Nullable": false,
                "Sample Values": [
                    "40.32.2555",
                    "7025551838",
                    "03 9520 4555"
                ]
            },
            {
                "Column": "addressLine1",
                "Description": "The first line of the customer's address.",
                "Format": "Text: Contains free-form text strings like '54, rue Royale'.",
                "Nullable": false,
                "Sample Values": [
                    "54, rue Royale",
                    "8489 Strong St.",
                    "636 St Kilda Road"
                ]
            },
            {
                "Column": "addressLine2",
                "Description": "The second line of the customer's address.",
                "Format": "Text: Contains free-form text strings like 'Level 3'.",
                "Nullable": false,
                "Sample Values": [
                    "Level 3",
                    "Bronz Apt. 3/6 Tesvikiye",
                    "Suite 400"
                ]
            },
            {
                "Column": "city",
                "Description": "The city where the customer is located.",
                "Format": "Text: Contains free-form text strings like 'Nantes'.",
                "Nullable": false,
                "Sample Values": [
                    "Nantes",
                    "Las Vegas",
                    "Melbourne"
                ]
            },
            {
                "Column": "state",
                "Description": "The state or province where the customer is located.",
                "Format": "Text: Contains free-form text strings like 'NV'.",
                "Nullable": false,
                "Sample Values": [
                    "NV",
                    "Victoria",
                    "CA"
                ]
            },
            {
                "Column": "postalCode",
                "Description": "The postal code of the customer's address.",
                "Format": "Identifier: Starts with numbers like 44000, 83030, etc.",
                "Nullable": false,
                "Sample Values": [
                    "44000",
                    "83030",
                    "3004"
                ]
            },
            {
                "Column": "country",
                "Description": "The country where the customer is located.",
                "Format": "Text: Contains free-form text strings like 'France'.",
                "Nullable": false,
                "Sample Values": [
                    "France",
                    "USA",
                    "Australia"
                ]
            },
            {
                "Column": "salesRepEmployeeNumber",
                "Description": "Unique identifier for each sales representative employee number.",
                "Format": "Identifier: Starts with a number like 1370, 1166, etc.",
                "Nullable": false,
                "Sample Values": [
                    "1370",
                    "1166",
                    "1611"
                ]
            },
            {
                "Column": "creditLimit",
                "Description": "The credit limit assigned to the customer.",
                "Format": "Numeric: Decimal numbers like 21000.0, 71800.0, etc.",
                "Nullable": false,
                "Sample Values": [
                    "21000.0",
                    "71800.0",
                    "117300.0"
                ]
            }
        ]
    }
},
{
    "productlines.csv": {
        "columns": [
            {
                "Column": "productLine",
                "Description": "The category or line of products.",
                "Format": "Categorical",
                "Nullable": false,
                "Sample Values": [
                    "Classic Cars",
                    "Motorcycles",
                    "Planes"
                ]
            },
            {
                "Column": "textDescription",
                "Description": "A detailed textual description about the product line, including features and specifications.",
                "Format": "Text",
                "Nullable": false,
                "Sample Values": [
                    "Attention car enthusiasts: Make your wildest car ownership dreams come true. Whether you are looking for classic muscle cars, dream sports cars or movie-inspired miniatures, you will find great choices in this category...",
                    "Our motorcycles are state of the art replicas of classic as well as contemporary motorcycle legends such as Harley Davidson, Ducati and Vespa. Models contain stunning details such as official logos, rotating wheels...",
                    "Unique, diecast airplane and helicopter replicas suitable for collections, as well as home, office or classroom decorations. Models contain stunning details such as official logos and insignias..."
                ]
            },
            {
                "Column": "htmlDescription",
                "Description": "HTML formatted description of the product line.",
                "Format": "Text (HTML)",
                "Nullable": true,
                "Sample Values": [
                    null,
                    null,
                    null
                ]
            },
            {
                "Column": "image",
                "Description": "Path or URL to an image representing the product line.",
                "Format": "None",
                "Nullable": true,
                "Sample Values": [
                    null,
                    null,
                    null
                ]
            }
        ]
    }
},
{
    "payments.csv": {
        "columns": [
            {
                "Column": "customerNumber",
                "Description": "A unique identifier for each customer.",
                "Format": "Identifier: Starts with a number and consists of digits only.",
                "Nullable": false,
                "Sample Values": [
                    "103",
                    "103",
                    "103"
                ]
            },
            {
                "Column": "checkNumber",
                "Description": "A unique identifier for each payment check.",
                "Format": "Identifier: Starts with two letters followed by six digits.",
                "Nullable": false,
                "Sample Values": [
                    "HQ336336",
                    "JM555205",
                    "OM314933"
                ]
            },
            {
                "Column": "paymentDate",
                "Description": "The date when the payment was made.",
                "Format": "Datetime: YYYY-MM-DD format.",
                "Nullable": false,
                "Sample Values": [
                    "2004-10-19",
                    "2003-06-05",
                    "2004-12-18"
                ]
            },
            {
                "Column": "amount",
                "Description": "The monetary amount of the payment.",
                "Format": "Numeric: Decimal number representing currency value.",
                "Nullable": false,
                "Sample Values": [
                    "6066.78",
                    "14571.44",
                    "1676.14"
                ]
            }
        ]
    }
},
{
    "orderdetails.csv": {
        "columns": [
            {
                "Column": "orderNumber",
                "Description": "The unique identifier for each order.",
                "Format": "Identifier: Starts with a number and consists of integers only.",
                "Nullable": false,
                "Sample Values": [
                    "10100",
                    "10100",
                    "10100"
                ]
            },
            {
                "Column": "productCode",
                "Description": "The unique identifier for each product in the order.",
                "Format": "Identifier: Starts with 'S' followed by two digits and four more digits (e.g., SXX_XXXX).",
                "Nullable": false,
                "Sample Values": [
                    "S18_1749",
                    "S18_2248",
                    "S18_4409"
                ]
            },
            {
                "Column": "quantityOrdered",
                "Description": "The quantity of the product ordered.",
                "Format": "Numeric: Integer values representing quantities.",
                "Nullable": false,
                "Sample Values": [
                    "30",
                    "50",
                    "22"
                ]
            },
            {
                "Column": "priceEach",
                "Description": "The price for each unit of the product in the order.",
                "Format": "Numeric: Decimal numbers representing currency values.",
                "Nullable": false,
                "Sample Values": [
                    "136.0",
                    "55.09",
                    "75.46"
                ]
            },
            {
                "Column": "orderLineNumber",
                "Description": "The line number of the order detail within an order.",
                "Format": "Numeric: Integer values representing sequence numbers in orders.",
                "Nullable": false,
                "Sample Values": [
                    "3",
                    "2",
                    "4"
                ]
            }
        ]
    }
}
]

{
  "use_cases": [
    {
      "use_case_id": "C001",
      "title": "Optimize Product Inventory Based on Sales Trends",
      "description": "Identify products that are frequently sold and adjust inventory levels to ensure these items remain in stock, thereby improving customer satisfaction and sales revenue. Metrics include quantities ordered from 'orderdetails.csv' compared with quantityInStock from 'products.csv'. Specific outcomes expected include increased product availability of high-demand items, reduced instances of out-of-stock issues, and improved order fulfillment rates. This use case aligns with the business goal of maximizing inventory turnover while maintaining optimal stock levels to support sales.",
      "data_sources": [
        "orderdetails.csv",
        "products.csv"
      ],
      "columns_utilized": [
        "orderdetails.csv.orderNumber",
        "orderdetails.csv.productCode",
        "orderdetails.csv.quantityOrdered",
        "products.csv.productCode",
        "products.csv.quantityInStock"
      ],
      "relationships_leveraged": "The 'productCode' in both orderdetails and products datasets is used to link sales data with inventory levels. This relationship helps identify high-demand items based on the quantity ordered and adjust stock accordingly."
    },
    {
      "use_case_id": "C002",
      "title": "Analyze Customer Payment Patterns for Credit Risk Assessment",
      "description": "Evaluate customer payment patterns to assess credit risk, allowing for more informed decisions regarding credit limits. Metrics include total amount paid from 'payments.csv', frequency and timeliness of payments, and existing credit limit from 'customer.csv'. Specific outcomes expected are better-informed credit limit adjustments based on financial behavior and improved management of receivables. This use case supports the strategic goal of minimizing bad debts while maintaining strong customer relationships.",
      "data_sources": [
        "payments.csv",
        "customer.csv"
      ],
      "columns_utilized": [
        "payments.csv.customerNumber",
        "payments.csv.amount",
        "payments.csv.paymentDate",
        "customer.csv.customerNumber",
        "customer.csv.creditLimit"
      ],
      "relationships_leveraged": "'customerNumber' from both payments and customer datasets identifies specific customers for payment analysis. The data relationship between the payment history and credit limit is key to assessing risk."
    },
    {
      "use_case_id": "C003",
      "title": "Optimize Sales Rep Performance Based on Customer Activity",
      "description": "Identify high-performing sales representatives by analyzing their assigned customers' order activity. Metrics include total quantity ordered from 'orderdetails.csv', the number of orders and payment amounts from 'orders.csv' and 'payments.csv'. Specific outcomes expected include improved performance evaluations, targeted training for underperforming reps, and increased overall sales productivity. This use case aligns with improving operational efficiency and increasing revenue through optimized resource allocation.",
      "data_sources": [
        "orderdetails.csv",
        "orders.csv",
        "customer.csv"
      ],
      "columns_utilized": [
        "orderdetails.csv.orderNumber",
        "orderdetails.csv.quantityOrdered",
        "orders.csv.customerNumber",
        "customer.csv.salesRepEmployeeNumber",
        "payments.csv.amount",
        "payments.csv.customerNumber"
      ],
      "relationships_leveraged": "'customerNumber' links order and payment data, while 'salesRepEmployeeNumber' identifies the sales representative. This helps in assessing which reps are driving more orders and payments."
    },
    {
      "use_case_id": "C004",
      "title": "Assess Product Line Performance Across Markets",
      "description": "Evaluate the performance of different product lines across various markets to identify high-performing categories and improve marketing strategies. Metrics include quantities ordered from 'orderdetails.csv', MSRP from 'products.csv' compared with order totals, and customer location data. Specific outcomes expected are optimized product offerings based on market demand and enhanced cross-selling opportunities. This use case supports strategic alignment by focusing resources on profitable product lines.",
      "data_sources": [
        "orderdetails.csv",
        "products.csv",
        "customer.csv"
      ],
      "columns_utilized": [
        "orderdetails.csv.productCode",
        "orders.csv.customerNumber",
        "orders.csv.orderNumber",
        "products.csv.productLine",
        "products.csv.MSRP",
        "customer.csv.city",
        "customer.country"
      ],
      "relationships_leveraged": "'productCode' and 'customerNumber' are used to link sales data with product information and customer location, enabling cross-market analysis."
    }
  ]
}