⠋ Loading: ---------- user ----------
<Data_Cleaning_Planner>

<purpose>
    Generate comprehensive and actionable data cleaning recommendations tailored to each column, incorporating domain-specific insights.
</purpose>

<dataset_location>
    Filepath: sheets\credit_card_transactions.csv
</dataset_location>

<data_dictionary>
    {'Unnamed: 0': {'dtype': 'int64', 'sample': 0, 'total_count': 1296675, 'null_count': 0, 'null_percentage': '0.0%', 'unique_count': 1296675, 'mean': np.float64(648337.0), 'median': np.float64(648337.0), 'std': np.float64(374317.97), 'min': np.int64(0), 'max': np.int64(1296674)}, 'trans_date_trans_time': {'dtype': 'object', 'sample': '2019-01-01 00:00:18', 'total_count': 1296675, 'null_count': 0, 'null_percentage': '0.0%', 'unique_count': 1274791}, 'cc_num': {'dtype': 'int64', 'sample': 2703186189652095, 'total_count': 1296675, 'null_count': 0, 'null_percentage': '0.0%', 'unique_count': 983, 'mean': np.float64(4.1719204207972666e+17), 'median': np.float64(3521417320836166.0), 'std': np.float64(1.3088064470002404e+18), 'min': np.int64(60416207185), 'max': np.int64(4992346398065154184)}, 'merchant': {'dtype': 'object', 'sample': 'fraud_Rippin, Kub and Mann', 'total_count': 1296675, 'null_count': 0, 'null_percentage': '0.0%', 'unique_count': 693}, 'category': {'dtype': 'object', 'sample': 'misc_net', 'total_count': 1296675, 'null_count': 0, 'null_percentage': '0.0%', 'unique_count': 14}, 'amt': {'dtype': 'float64', 'sample': 4.97, 'total_count': 1296675, 'null_count': 0, 'null_percentage': '0.0%', 'unique_count': 52928, 'mean': np.float64(70.35), 'median': np.float64(47.52), 'std': np.float64(160.32), 'min': np.float64(1.0), 'max': np.float64(28948.9)}, 'first': {'dtype': 'object', 'sample': 'Jennifer', 'total_count': 1296675, 'null_count': 0, 'null_percentage': '0.0%', 'unique_count': 352}, 'last': {'dtype': 'object', 'sample': 'Banks', 'total_count': 1296675, 'null_count': 0, 'null_percentage': '0.0%', 'unique_count': 481}, 'gender': {'dtype': 'object', 'sample': 'F', 'total_count': 1296675, 'null_count': 0, 'null_percentage': '0.0%', 'unique_count': 2}, 'street': {'dtype': 'object', 'sample': '561 Perry Cove', 'total_count': 1296675, 'null_count': 0, 'null_percentage': '0.0%', 'unique_count': 983}, 'city': {'dtype': 'object', 'sample': 'Moravian Falls', 'total_count': 1296675, 'null_count': 0, 'null_percentage': '0.0%', 'unique_count': 894}, 'state': {'dtype': 'object', 'sample': 'NC', 'total_count': 1296675, 'null_count': 0, 'null_percentage': '0.0%', 'unique_count': 51}, 'zip': {'dtype': 'int64', 'sample': 28654, 'total_count': 1296675, 'null_count': 0, 'null_percentage': '0.0%', 'unique_count': 970, 'mean': np.float64(48800.67), 'median': np.float64(48174.0), 'std': np.float64(26893.22), 'min': np.int64(1257), 'max': np.int64(99783)}, 'lat': {'dtype': 'float64', 'sample': 36.08, 'total_count': 1296675, 'null_count': 0, 'null_percentage': '0.0%', 'unique_count': 968, 'mean': np.float64(38.54), 'median': np.float64(39.35), 'std': np.float64(5.08), 'min': np.float64(20.03), 'max': np.float64(66.69)}, 'long': {'dtype': 'float64', 'sample': -81.18, 'total_count': 1296675, 'null_count': 0, 'null_percentage': '0.0%', 'unique_count': 969, 'mean': np.float64(-90.23), 'median': np.float64(-87.48), 'std': np.float64(13.76), 'min': np.float64(-165.67), 'max': np.float64(-67.95)}, 'city_pop': {'dtype': 'int64', 'sample': 3495, 'total_count': 1296675, 'null_count': 0, 'null_percentage': '0.0%', 'unique_count': 879, 'mean': np.float64(88824.44), 'median': np.float64(2456.0), 'std': np.float64(301956.36), 'min': np.int64(23), 'max': np.int64(2906700)}, 'job': {'dtype': 'object', 'sample': 'Psychologist, counselling', 'total_count': 1296675, 'null_count': 0, 'null_percentage': '0.0%', 'unique_count': 494}, 'dob': {'dtype': 'object', 'sample': '1988-03-09', 'total_count': 1296675, 'null_count': 0, 'null_percentage': '0.0%', 'unique_count': 968}, 'trans_num': {'dtype': 'object', 'sample': '0b242abb623afc578575680df30655b9', 'total_count': 1296675, 'null_count': 0, 'null_percentage': '0.0%', 'unique_count': 1296675}, 'unix_time': {'dtype': 'int64', 'sample': 1325376018, 'total_count': 1296675, 'null_count': 0, 'null_percentage': '0.0%', 'unique_count': 1274823, 'mean': np.float64(1349243636.73), 'median': np.float64(1349249747.0), 'std': np.float64(12841278.42), 'min': np.int64(1325376018), 'max': np.int64(1371816817)}, 'merch_lat': {'dtype': 'float64', 'sample': 36.01, 'total_count': 1296675, 'null_count': 0, 'null_percentage': '0.0%', 'unique_count': 1247805, 'mean': np.float64(38.54), 'median': np.float64(39.37), 'std': np.float64(5.11), 'min': np.float64(19.03), 'max': np.float64(67.51)}, 'merch_long': {'dtype': 'float64', 'sample': -82.05, 'total_count': 1296675, 'null_count': 0, 'null_percentage': '0.0%', 'unique_count': 1275745, 'mean': np.float64(-90.23), 'median': np.float64(-87.44), 'std': np.float64(13.77), 'min': np.float64(-166.67), 'max': np.float64(-66.95)}, 'is_fraud': {'dtype': 'int64', 'sample': 0, 'total_count': 1296675, 'null_count': 0, 'null_percentage': '0.0%', 'unique_count': 2, 'mean': np.float64(0.01), 'median': np.float64(0.0), 'std': np.float64(0.08), 'min': np.int64(0), 'max': np.int64(1)}, 'merch_zipcode': {'dtype': 'float64', 'sample': 28705.0, 'total_count': 1296675, 'null_count': 195973, 'null_percentage': '15.1%', 'unique_count': 28336, 'mean': np.float64(46825.75), 'median': np.float64(45860.0), 'std': np.float64(25834.0), 'min': np.float64(1001.0), 'max': np.float64(99403.0)}}
</data_dictionary>

<instructions>
    1. **Thoroughly examine** the provided data dictionary.
    2. **Assess** data types and their real-world implications.
    3. **Identify** potential data quality issues without restricting to predefined categories by considering:
       - **Inter-column relationships** (e.g., geographic data, dates)
       - **Data type limitations**
       - **Domain-specific valid ranges**
       - **Business logic dependencies**
       - **Any other anomalies or irregularities** present in the data
    4. **For each identified issue**, provide **one distinct data cleaning technique**:
       - **DO NOT offer multiple alternatives or propose evaluations.**
       - **Be specific** in your recommendations (e.g., "Remove outliers that exceed three standard deviations from the mean").
       - Ensure the technique is **directly implementable** using standard Python libraries such as Pandas, NumPy, or Scikit-learn.
    5. **Include a Brief Reason** explaining the necessity of the recommended action.
    6. **Reiterate and Present the Complete Set of Recommendations** in each response, ensuring that **all previous and newly identified issues** are addressed comprehensively.
    7. Ensure all recommendations are **straightforward, practical, and immediately actionable**.
</instructions>

<output_format>
    For each column with identified issues, provide the following information:
    1. **Column Name:** EXACT column name as specified in the data dictionary.
    2. **Issue Type:** Describe the nature of the data quality issue identified (e.g., Missing Values, Outliers, Inconsistent Data Types, Duplicate Entries, Invalid Formats).
    3. **Recommended Action:** Outline the precise data cleaning technique to address the issue. Ensure the action is clear and can be directly translated into code without providing actual code snippets.
    4. **Brief Reason:** Offer a succinct explanation of why this action is necessary.
    5. **Dependencies/Constraints:** Specify any dependencies or constraints relevant to implementing the action, if applicable.
</output_format>

<output_example>
### Column_Name
- **Issue Type:** Missing Values
- **Recommended Action:** Impute missing values with the median of the column.
- **Brief Reason:** Imputing with the median preserves the central tendency without being influenced by outliers.
- **Dependencies/Constraints:** Ensure that median imputation aligns with the data distribution and does not distort related features.

---
</output_example>

<strict_rules>
    1. **Use EXACT column names** as provided in the data dictionary.
    2. **OMMIT** assuming and making up column names.
    3. Recommend only **BASIC data cleaning actions** that are easy to implement.
    4. Provide **CLEAR and SIMPLE explanations**, avoiding technical jargon.
    5. Emphasize **PRACTICAL SOLUTIONS** that can be directly translated into code.
    6. Ensure all recommendations are **RATIONAL** and applicable to real-world scenarios.
    7. **DO NOT** pose any questions or request clarifications.
    8. **OMIT** any Exploratory Data Analysis (EDA) steps and visualizations.
    9. **Acknowledge and respect inter-column relationships** (e.g., handle latitude and longitude together).
    10. **Strictly adhere** to data type constraints (e.g., appropriately handle categorical vs. continuous data).
    11. **DO NOT** provide multiple options, use conditional phrases (e.g., "if possible"), or suggest further evaluations. **Select and specify one definitive action** for each issue.
    12. **Always provide the full set of recommendations**, including both previously identified issues and any new ones, ensuring a complete and updated data cleaning plan in every response.
    13. **DO NOT** include any form of code snippets or code-related syntax in the **Recommended Action** or any other section.
    14.
</strict_rules>

</Data_Cleaning_Planner>
⠋ Loading: ---------- Data_Cleaning_Planner ----------
### EXISTING RECOMMENDATIONS AND NEW FINDINGS

---

#### Column_Name: `merch_zipcode`
- **Issue Type:** Missing Values
- **Recommended Action:** Replace missing values with the median of existing values.
- **Brief Reason:** The median imputation maintains central tendency and is robust against outliers, making it a sensible default for numeric data like zip codes.
- **Dependencies/Constraints:** Ensure that the distribution of non-null values in `merch_zipcode` makes median imputation meaningful.

---

#### Column_Name: `lat`, `long` (Assuming `lat` and `long` are columns for latitude and longitude)
- **Issue Type:** Geographic Data Outliers
- **Recommended Action:** Remove records where latitude is outside the range [-90, 90] degrees or longitude is outside the range [-180, 180] degrees.
- **Brief Reason:** These ranges are standard for valid geographic coordinates. Any data beyond these limits likely represents errors and should be removed to ensure geospatial integrity.

---

#### Column_Name: `merch_zipcode`
- **Issue Type:** Invalid Zip Codes
- **Recommended Action:** Filter out invalid zip codes, considering only numeric values within a practical range (e.g., 1000 to 99999).
- **Brief Reason:** Ensures that the data in the column represents valid U.S. zip code formats and filters out any non-compliant entries.

---

### FULL SET OF RECOMMENDATIONS

#### `merch_zipcode`
- **Issue Type:** Missing Values
- **Recommended Action:** Replace missing values with the median of existing values.
- **Brief Reason:** The median imputation maintains central tendency and is robust against outliers, making it a sensible default for numeric data like zip codes.
- **Dependencies/Constraints:** Ensure that the distribution of non-null values in `merch_zipcode` makes median imputation meaningful.

#### `lat`, `long`
- **Issue Type:** Geographic Data Outliers
- **Recommended Action:** Remove records where latitude is outside the range [-90, 90] degrees or longitude is outside the range [-180, 180] degrees.
- **Brief Reason:** These ranges are standard for valid geographic coordinates. Any data beyond these limits likely represents errors and should be removed to ensure geospatial integrity.

#### `merch_zipcode`
- **Issue Type:** Invalid Zip Codes
- **Recommended Action:** Filter out invalid zip codes, considering only numeric values within a practical range (e.g., 1000 to 99999).
- **Brief Reason:** Ensures that the data in the column represents valid U.S. zip code formats and filters out any non-compliant entries.

---

Each recommendation directly addresses specific issues present in the provided dataset, ensuring the data's integrity and usability for subsequent analysis or modeling tasks.
[Prompt tokens: 2048, Completion tokens: 598]
⠼ Loading: ---------- Validation_Assistant ----------
### Validation Report

- **Overall Status:** Fail

### Detailed Findings:

#### Column Name: `merch_zipcode`
- **Issue Type:** Missing Values
- **Status:** Pass
- **Errors/Warnings:** None
- **Suggestions:** None

---

#### Column_Name: `lat`, `long` (Assuming `lat` and `long` are columns for latitude and longitude)
- **Issue Type:** Geographic Data Outliers
- **Status:** Fail
- **Errors/Warnings:** The column name format should be exact. Two separate entries must exist per actual column name mentioned in the dataset.
- **Suggestions:** Create individual issue entries for each column (`lat` and `long`) with consistent and exact column names.

---

#### Column_name: `merch_zipcode`
- **Issue Type:** Invalid Zip Codes
- **Status:** Fail
- **Errors/Warnings:** The field "Column_name" is inconsistent in the provided format. It should be "Column Name".
- **Suggestions:** Ensure all fields are named consistently, using exact case and spacing as specified (e.g., "Column Name").

---

### Correction Suggestions:

#### For `lat`:
- **Issue Type:** Geographic Data Outliers
- **Recommended Action:** Remove records where latitude is outside the range [-90, 90] degrees.
- **Brief Reason:** These ranges are standard for valid geographic coordinates. Any data beyond these limits likely represents errors and should be removed to ensure geospatial integrity.

#### For `long`:
- **Issue Type:** Geographic Data Outliers
- **Recommended Action:** Remove records where longitude is outside the range [-180, 180] degrees.
- **Brief Reason:** These ranges are standard for valid geographic coordinates. Any data beyond these limits likely represents errors and should be removed to ensure geospatial integrity.

---

#### Column Name: `merch_zipcode`
- **Issue Type:** Invalid Zip Codes
- **Recommended Action:** Filter out invalid zip codes, considering only numeric values within a practical range (e.g., 1000 to 99999).
- **Brief Reason:** Ensures that the data in the column represents valid U.S. zip code formats and filters out any non-compliant entries.

---

### Final Recommendations:

#### `merch_zipcode`
- **Issue Type:** Missing Values
- **Recommended Action:** Replace missing values with the median of existing values.
- **Brief Reason:** The median imputation maintains central tendency and is robust against outliers, making it a sensible default for numeric data like zip codes.
- **Dependencies/Constraints:** Ensure that the distribution of non-null values in `merch_zipcode` makes median imputation meaningful.

#### `lat`
- **Issue Type:** Geographic Data Outliers
- **Recommended Action:** Remove records where latitude is outside the range [-90, 90] degrees.
- **Brief Reason:** These ranges are standard for valid geographic coordinates. Any data beyond these limits likely represents errors and should be removed to ensure geospatial integrity.

#### `long`
- **Issue Type:** Geographic Data Outliers
- **Recommended Action:** Remove records where longitude is outside the range [-180, 180] degrees.
- **Brief Reason:** These ranges are standard for valid geographic coordinates. Any data beyond these limits likely represents errors and should be removed to ensure geospatial integrity.

#### `merch_zipcode`
- **Issue Type:** Invalid Zip Codes
- **Recommended Action:** Filter out invalid zip codes, considering only numeric values within a practical range (e.g., 1000 to 99999).
- **Brief Reason:** Ensures that the data in the column represents valid U.S. zip code formats and filters out any non-compliant entries.

---

Each recommendation now directly addresses specific issues present in the provided dataset, ensuring the data's integrity and usability for subsequent analysis or modeling tasks.
[Prompt tokens: 1594, Completion tokens: 811]
⠧ Loading: ---------- Data_Cleaning_Planner ----------
### Final Data Cleaning Recommendations:

#### Column Name: `merch_zipcode`
- **Issue Type:** Missing Values
- **Recommended Action:** Replace missing values with the median of existing values.
- **Brief Reason:** The median imputation maintains central tendency and is robust against outliers, making it a sensible default for numeric data like zip codes.
- **Dependencies/Constraints:** Ensure that the distribution of non-null values in `merch_zipcode` makes median imputation meaningful.

---

#### Column Name: `lat`
- **Issue Type:** Geographic Data Outliers
- **Recommended Action:** Remove records where latitude is outside the range [-90, 90] degrees.
- **Brief Reason:** These ranges are standard for valid geographic coordinates. Any data beyond these limits likely represents errors and should be removed to ensure geospatial integrity.

---

#### Column Name: `long`
- **Issue Type:** Geographic Data Outliers
- **Recommended Action:** Remove records where longitude is outside the range [-180, 180] degrees.
- **Brief Reason:** These ranges are standard for valid geographic coordinates. Any data beyond these limits likely represents errors and should be removed to ensure geospatial integrity.

---

#### Column Name: `merch_zipcode`
- **Issue Type:** Invalid Zip Codes
- **Recommended Action:** Filter out invalid zip codes, considering only numeric values within a practical range (e.g., 1000 to 99999).
- **Brief Reason:** Ensures that the data in the column represents valid U.S. zip code formats and filters out any non-compliant entries.

---

Each recommendation directly addresses specific issues present in the provided dataset, ensuring the data's integrity and usability for subsequent analysis or modeling tasks.
[Prompt tokens: 1716, Completion tokens: 360]
⠸ Loading: ---------- Validation_Assistant ----------
### Validation Report

- **Overall Status:** Fail

### Detailed Findings:

#### Column Name: `merch_zipcode`
- **Issue Type:** Missing Values
- **Status:** Fail
- **Errors/Warnings:** 
  - "Replace missing values with the median of existing values" could imply multiple possible actions (e.g., impute only for specific subsets), and it’s better to specify an exact, clear recommendation without ambiguity.
  - Ensure exact terminology is used in all fields.

#### Column Name: `lat`
- **Issue Type:** Geographic Data Outliers
- **Status:** Pass

---

#### Column Name: `long`
- **Issue Type:** Geographic Data Outliers
- **Status:** Pass

---

#### Column Name: `merch_zipcode`
- **Issue Type:** Invalid Zip Codes
- **Status:** Pass

### Suggestions for Correction:

For the column `merch_zipcode` with the issue type "Missing Values":
- **Recommended Action**: Clearly specify a single definitive action without ambiguity. For example:
  - Replace missing values in `merch_zipcode` with the median value of available zip codes where median imputation is meaningful.

Ensure exact terminology consistency for all fields, such as using "Brief Reason" instead of any variations:

```plaintext
### Corrected Data Cleaning Recommendations

#### Column Name: `merch_zipcode`
- **Issue Type:** Missing Values
- **Recommended Action:** Replace missing values in the `merch_zipcode` column with the median value from existing non-null entries.
- **Brief Reason:** Median imputation preserves central tendency and robustness against outliers, making it a sensible default for numeric data like zip codes.
- **Dependencies/Constraints:** Ensure that the distribution of non-null values in `merch_zipcode` makes median imputation meaningful.

---

#### Column Name: `lat`
- **Issue Type:** Geographic Data Outliers
- **Recommended Action:** Remove records where latitude is outside the range [-90, 90] degrees.
- **Brief Reason:** These ranges are standard for valid geographic coordinates. Any data beyond these limits likely represents errors and should be removed to ensure geospatial integrity.

---

#### Column Name: `long`
- **Issue Type:** Geographic Data Outliers
- **Recommended Action:** Remove records where longitude is outside the range [-180, 180] degrees.
- **Brief Reason:** These ranges are standard for valid geographic coordinates. Any data beyond these limits likely represents errors and should be removed to ensure geospatial integrity.

---

#### Column Name: `merch_zipcode`
- **Issue Type:** Invalid Zip Codes
- **Recommended Action:** Filter out entries in the `merch_zipcode` column that contain non-numeric values or fall outside a practical range (e.g., 1000 to 99999).
- **Brief Reason:** Ensures that the data in the column represents valid U.S. zip code formats and filters out any non-compliant entries.
```

This corrected format should ensure compliance with all validation rules.
[Prompt tokens: 1356, Completion tokens: 631]
---------- Summary ----------
Number of messages: 5
Finish reason: Maximum number of messages 5 reached, current message count: 5
Total prompt tokens: 6714
Total completion tokens: 2400
Duration: 140.85 seconds
