[
{
    "Data Dictionary": {
        "filename": "products.csv",
        "columns": [
            {
                "Column": "productCode",
                "Description": "Unique identifier for each product.",
                "Format": "Identifier: Starts with a letter followed by numbers (e.g., S10_1678).",
                "Nullable": false,
                "Sample Values": [
                    "S10_1678",
                    "S10_1949",
                    "S10_2016"
                ]
            },
            {
                "Column": "productName",
                "Description": "Name of the product.",
                "Format": "Text: Contains free-form text strings representing names (e.g., 1969 Harley Davidson Ultimate Chopper).",
                "Nullable": false,
                "Sample Values": [
                    "1969 Harley Davidson Ultimate Chopper",
                    "1952 Alpine Renault 1300",
                    "1996 Moto Guzzi 1100i"
                ]
            },
            {
                "Column": "productLine",
                "Description": "Category or line to which the product belongs.",
                "Format": "Categorical: Represents categories such as Motorcycles, Classic Cars (e.g., Motorcycles).",
                "Nullable": false,
                "Sample Values": [
                    "Motorcycles",
                    "Classic Cars",
                    "Motorcycles"
                ]
            },
            {
                "Column": "productScale",
                "Description": "The scale at which the product is made.",
                "Format": "Text: Represents a ratio (e.g., 1:10).",
                "Nullable": false,
                "Sample Values": [
                    "1:10",
                    "1:10",
                    "1:10"
                ]
            },
            {
                "Column": "productVendor",
                "Description": "The vendor or manufacturer of the product.",
                "Format": "Text: Contains free-form text strings representing names (e.g., Min Lin Diecast).",
                "Nullable": false,
                "Sample Values": [
                    "Min Lin Diecast",
                    "Classic Metal Creations",
                    "Highway 66 Mini Classics"
                ]
            },
            {
                "Column": "productDescription",
                "Description": "Detailed description of the product.",
                "Format": "Text: Contains free-form text strings describing features (e.g., This replica features working kickstand, front suspension...).",
                "Nullable": false,
                "Sample Values": [
                    "This replica features working kickstand, front suspension...",
                    "Turnable front wheels, steering function, detailed interior...",
                    "Official Moto Guzzi logos and insignias, saddle bags located on side of motorcycle..."
                ]
            },
            {
                "Column": "quantityInStock",
                "Description": "The quantity of the product currently in stock.",
                "Format": "Numeric: Represents integers (e.g., 7933).",
                "Nullable": false,
                "Sample Values": [
                    "7933",
                    "7305",
                    "6625"
                ]
            },
            {
                "Column": "buyPrice",
                "Description": "The price at which the product is bought.",
                "Format": "Numeric: Represents decimal numbers (e.g., 48.81).",
                "Nullable": false,
                "Sample Values": [
                    "48.81",
                    "98.58",
                    "68.99"
                ]
            },
            {
                "Column": "MSRP",
                "Description": "Manufacturer's Suggested Retail Price of the product.",
                "Format": "Numeric: Represents decimal numbers (e.g., 95.7).",
                "Nullable": false,
                "Sample Values": [
                    "95.7",
                    "214.3",
                    "118.94"
                ]
            }
        ]
    }
},
{
    "Data Dictionary": {
        "filename": "orders.csv",
        "columns": [
            {
                "Column": "orderNumber",
                "Description": "A unique identifier for each order.",
                "Format": "Identifier: Starts with a number and consists of integers only.",
                "Nullable": false,
                "Sample Values": [
                    "10100",
                    "10101",
                    "10102"
                ]
            },
            {
                "Column": "orderDate",
                "Description": "The date when the order was placed.",
                "Format": "Datetime: YYYY-MM-DD format.",
                "Nullable": false,
                "Sample Values": [
                    "2003-01-06",
                    "2003-01-09",
                    "2003-01-10"
                ]
            },
            {
                "Column": "requiredDate",
                "Description": "The date by which the order is required to be completed.",
                "Format": "Datetime: YYYY-MM-DD format.",
                "Nullable": false,
                "Sample Values": [
                    "2003-01-13",
                    "2003-01-18",
                    "2003-01-18"
                ]
            },
            {
                "Column": "shippedDate",
                "Description": "The date when the order was shipped.",
                "Format": "Datetime: YYYY-MM-DD format.",
                "Nullable": false,
                "Sample Values": [
                    "2003-01-10",
                    "2003-01-11",
                    "2003-01-14"
                ]
            },
            {
                "Column": "status",
                "Description": "The current status of the order.",
                "Format": "Categorical: Represents different statuses like Shipped, etc.",
                "Nullable": false,
                "Sample Values": [
                    "Shipped",
                    "Shipped",
                    "Shipped"
                ]
            },
            {
                "Column": "comments",
                "Description": "Additional notes or comments related to the order.",
                "Format": "Text: Contains free-form text strings.",
                "Nullable": true,
                "Sample Values": [
                    "Check on availability.",
                    "Difficult to negotiate with customer. We need more marketing materials",
                    "Customer requested that FedEx Ground is used for this shipping"
                ]
            },
            {
                "Column": "customerNumber",
                "Description": "A unique identifier for each customer.",
                "Format": "Identifier: Starts with a number and consists of integers only.",
                "Nullable": false,
                "Sample Values": [
                    "363",
                    "128",
                    "181"
                ]
            }
        ]
    }
},
{
    "Data Dictionary": {
        "filename": "employee.csv",
        "columns": [
            {
                "Column": "employeeNumber",
                "Description": "Unique identifier for each employee.",
                "Format": "Identifier: Starts with a number, no specific pattern beyond being numeric.",
                "Nullable": false,
                "Sample Values": [
                    "1002",
                    "1056",
                    "1076"
                ]
            },
            {
                "Column": "lastName",
                "Description": "Last name of the employee.",
                "Format": "Text: Contains alphabetic characters only, representing last names.",
                "Nullable": false,
                "Sample Values": [
                    "Murphy",
                    "Patterson",
                    "Firrelli"
                ]
            },
            {
                "Column": "firstName",
                "Description": "First name of the employee.",
                "Format": "Text: Contains alphabetic characters only, representing first names.",
                "Nullable": false,
                "Sample Values": [
                    "Diane",
                    "Mary",
                    "Jeff"
                ]
            },
            {
                "Column": "extension",
                "Description": "Employee's extension number used for internal communication.",
                "Format": "Identifier: Starts with 'x' followed by numbers, e.g., x5800.",
                "Nullable": false,
                "Sample Values": [
                    "x5800",
                    "x4611",
                    "x9273"
                ]
            },
            {
                "Column": "email",
                "Description": "Employee's email address used for official communication.",
                "Format": "Text: Contains alphanumeric characters, periods, and '@' symbol, ending with a domain name.",
                "Nullable": false,
                "Sample Values": [
                    "dmurphy@classicmodelcars.com",
                    "mpatterso@classicmodelcars.com",
                    "jfirrelli@classicmodelcars.com"
                ]
            },
            {
                "Column": "officeCode",
                "Description": "Identifier for the office where the employee works.",
                "Format": "Numeric: Represents an integer value, likely a code.",
                "Nullable": false,
                "Sample Values": [
                    "1",
                    "1",
                    "1"
                ]
            },
            {
                "Column": "reportsTo",
                "Description": "Employee number of the person to whom this employee reports. '0' indicates no direct supervisor.",
                "Format": "Identifier: Starts with a number, can be '0'.",
                "Nullable": false,
                "Sample Values": [
                    "0",
                    "1002",
                    "1002"
                ]
            },
            {
                "Column": "jobTitle",
                "Description": "Job title or role of the employee within the company.",
                "Format": "Text: Contains alphabetic characters and spaces, representing job titles.",
                "Nullable": false,
                "Sample Values": [
                    "President",
                    "VP Sales",
                    "VP Marketing"
                ]
            }
        ]
    }
},
{
    "Data Dictionary": {
        "filename": "office.csv",
        "columns": [
            {
                "Column": "officeCode",
                "Description": "A unique identifier for each office.",
                "Format": "Identifier: Starts with a number like 1, 2, or 3.",
                "Nullable": false,
                "Sample Values": [
                    "1",
                    "2",
                    "3"
                ]
            },
            {
                "Column": "city",
                "Description": "The city where the office is located.",
                "Format": "Text: Contains names of cities like San Francisco, Boston, NYC.",
                "Nullable": false,
                "Sample Values": [
                    "San Francisco",
                    "Boston",
                    "NYC"
                ]
            },
            {
                "Column": "phone",
                "Description": "The phone number for the office.",
                "Format": "Text: Phone numbers with country code like +1 650 219 4782.",
                "Nullable": false,
                "Sample Values": [
                    "+1 650 219 4782",
                    "+1 215 837 0825",
                    "+1 212 555 3000"
                ]
            },
            {
                "Column": "addressLine1",
                "Description": "The first line of the office's address.",
                "Format": "Text: Contains street addresses like '100 Market Street'.",
                "Nullable": false,
                "Sample Values": [
                    "100 Market Street",
                    "1550 Court Place",
                    "523 East 53rd Street"
                ]
            },
            {
                "Column": "addressLine2",
                "Description": "The second line of the office's address, often containing suite or apartment numbers.",
                "Format": "Text: Contains additional address details like 'Suite 300'.",
                "Nullable": false,
                "Sample Values": [
                    "Suite 300",
                    "Suite 102",
                    "apt. 5A"
                ]
            },
            {
                "Column": "state",
                "Description": "The state where the office is located.",
                "Format": "Text: Contains two-letter abbreviations for states like CA, MA, NY.",
                "Nullable": false,
                "Sample Values": [
                    "CA",
                    "MA",
                    "NY"
                ]
            },
            {
                "Column": "country",
                "Description": "The country where the office is located.",
                "Format": "Text: Contains full names of countries like USA.",
                "Nullable": false,
                "Sample Values": [
                    "USA",
                    "USA",
                    "USA"
                ]
            },
            {
                "Column": "postalCode",
                "Description": "The postal code for the office's location.",
                "Format": "Identifier: Starts with numbers, typically 5 digits long like '94080'.",
                "Nullable": false,
                "Sample Values": [
                    "94080",
                    "02107",
                    "10022"
                ]
            },
            {
                "Column": "territory",
                "Description": "The territory to which the office belongs.",
                "Format": "Categorical: Contains labels like EMEA, Japan, APAC representing different territories.",
                "Nullable": false,
                "Sample Values": [
                    "EMEA",
                    "Japan",
                    "APAC"
                ]
            }
        ]
    }
},
{
    "Data Dictionary": {
        "filename": "customer.csv",
        "columns": [
            {
                "Column": "customerNumber",
                "Description": "Unique identifier for each customer.",
                "Format": "Identifier: Starts with a number like 103, 112, etc.",
                "Nullable": false,
                "Sample Values": [
                    "103",
                    "112",
                    "114"
                ]
            },
            {
                "Column": "customerName",
                "Description": "The name of the customer company or individual.",
                "Format": "Text: Contains free-form text like 'Atelier graphique', 'Signal Gift Stores'.",
                "Nullable": false,
                "Sample Values": [
                    "Atelier graphique",
                    "Signal Gift Stores",
                    "Australian Collectors, Co."
                ]
            },
            {
                "Column": "contactLastName",
                "Description": "The last name of the primary contact person for the customer.",
                "Format": "Text: Contains free-form text like 'Schmitt', 'King'.",
                "Nullable": false,
                "Sample Values": [
                    "Schmitt",
                    "King",
                    "Ferguson"
                ]
            },
            {
                "Column": "contactFirstName",
                "Description": "The first name of the primary contact person for the customer.",
                "Format": "Text: Contains free-form text like 'Carine', 'Jean'.",
                "Nullable": false,
                "Sample Values": [
                    "Carine ",
                    "Jean",
                    "Peter"
                ]
            },
            {
                "Column": "phone",
                "Description": "The phone number of the primary contact person for the customer.",
                "Format": "Text: Contains free-form text like '40.32.2555', '7025551838'.",
                "Nullable": false,
                "Sample Values": [
                    "40.32.2555",
                    "7025551838",
                    "03 9520 4555"
                ]
            },
            {
                "Column": "addressLine1",
                "Description": "The first line of the customer's address.",
                "Format": "Text: Contains free-form text like '54, rue Royale', '8489 Strong St.'. ",
                "Nullable": false,
                "Sample Values": [
                    "54, rue Royale",
                    "8489 Strong St.",
                    "636 St Kilda Road"
                ]
            },
            {
                "Column": "addressLine2",
                "Description": "The second line of the customer's address.",
                "Format": "Text: Contains free-form text like 'Level 3', 'Bronz Apt. 3/6 Tesvikiye'. ",
                "Nullable": true,
                "Sample Values": [
                    "Level 3",
                    "Bronz Apt. 3/6 Tesvikiye",
                    "Suite 400"
                ]
            },
            {
                "Column": "city",
                "Description": "The city where the customer is located.",
                "Format": "Text: Contains free-form text like 'Nantes', 'Las Vegas'. ",
                "Nullable": false,
                "Sample Values": [
                    "Nantes",
                    "Las Vegas",
                    "Melbourne"
                ]
            },
            {
                "Column": "state",
                "Description": "The state or province where the customer is located.",
                "Format": "Text: Contains free-form text like 'NV', 'Victoria'. ",
                "Nullable": true,
                "Sample Values": [
                    "NV",
                    "",
                    "CA"
                ]
            },
            {
                "Column": "postalCode",
                "Description": "The postal code or zip code of the customer's address.",
                "Format": "Text: Contains free-form text like '44000', '83030'. ",
                "Nullable": true,
                "Sample Values": [
                    "44000",
                    "83030",
                    "3004"
                ]
            },
            {
                "Column": "country",
                "Description": "The country where the customer is located.",
                "Format": "Text: Contains free-form text like 'France', 'USA'. ",
                "Nullable": false,
                "Sample Values": [
                    "France",
                    "USA",
                    "Australia"
                ]
            },
            {
                "Column": "salesRepEmployeeNumber",
                "Description": "The unique identifier for the sales representative assigned to this customer.",
                "Format": "Identifier: Starts with a number like 1370, 1166, etc.",
                "Nullable": true,
                "Sample Values": [
                    "1370",
                    "1166",
                    "1611"
                ]
            },
            {
                "Column": "creditLimit",
                "Description": "The credit limit assigned to the customer for purchases on account.",
                "Format": "Numeric: Decimal numbers like 21000.0, 71800.0, etc.",
                "Nullable": true,
                "Sample Values": [
                    "21000.0",
                    "71800.0",
                    "117300.0"
                ]
            }
        ]
    }
},
{
    "Data Dictionary": {
        "filename": "productlines.csv",
        "columns": [
            {
                "Column": "productLine",
                "Description": "Category of product lines available.",
                "Format": "Categorical",
                "Nullable": false,
                "Sample Values": [
                    "Classic Cars",
                    "Motorcycles",
                    "Planes"
                ]
            },
            {
                "Column": "textDescription",
                "Description": "Detailed textual description about the products in each category, highlighting features and specifications.",
                "Format": "Text",
                "Nullable": false,
                "Sample Values": [
                    "Attention car enthusiasts: Make your wildest car ownership dreams come true. Whether you are looking for classic muscle cars, dream sports cars or movie-inspired miniatures, you will find great choices in this category...",
                    "Our motorcycles are state of the art replicas of classic as well as contemporary motorcycle legends such as Harley Davidson, Ducati and Vespa. Models contain stunning details such as official logos, rotating wheels, working kickstand...",
                    "Unique, diecast airplane and helicopter replicas suitable for collections, as well as home, office or classroom decorations. Models contain stunning details such as official logos and insignias, rotating jet engines and propellers..."
                ]
            },
            {
                "Column": "htmlDescription",
                "Description": "HTML formatted description of the product lines (currently not populated).",
                "Format": "Text",
                "Nullable": true,
                "Sample Values": [
                    null,
                    null,
                    null
                ]
            },
            {
                "Column": "image",
                "Description": "Image associated with each product line category (currently not populated).",
                "Format": "None",
                "Nullable": true,
                "Sample Values": [
                    null,
                    null,
                    null
                ]
            }
        ]
    }
},
{
    "Data Dictionary": {
        "filename": "payments.csv",
        "columns": [
            {
                "Column": "customerNumber",
                "Description": "A unique identifier for each customer.",
                "Format": "Identifier: Starts with a number, no specific pattern provided in samples.",
                "Nullable": false,
                "Sample Values": [
                    "103",
                    "103",
                    "103"
                ]
            },
            {
                "Column": "checkNumber",
                "Description": "A unique identifier for each payment check.",
                "Format": "Identifier: Starts with two letters followed by six digits.",
                "Nullable": false,
                "Sample Values": [
                    "HQ336336",
                    "JM555205",
                    "OM314933"
                ]
            },
            {
                "Column": "paymentDate",
                "Description": "The date when the payment was made.",
                "Format": "Datetime: Format is YYYY-MM-DD.",
                "Nullable": false,
                "Sample Values": [
                    "2004-10-19",
                    "2003-06-05",
                    "2004-12-18"
                ]
            },
            {
                "Column": "amount",
                "Description": "The monetary amount of the payment.",
                "Format": "Numeric: Decimal numbers representing currency amounts.",
                "Nullable": false,
                "Sample Values": [
                    "6066.78",
                    "14571.44",
                    "1676.14"
                ]
            }
        ]
    }
},
{
    "Data Dictionary": {
        "filename": "orderdetails.csv",
        "columns": [
            {
                "Column": "orderNumber",
                "Description": "The unique identifier for each order.",
                "Format": "Identifier: Starts with a number, no specific pattern provided in samples.",
                "Nullable": false,
                "Sample Values": [
                    "10100",
                    "10100",
                    "10100"
                ]
            },
            {
                "Column": "productCode",
                "Description": "The unique identifier for each product associated with the order.",
                "Format": "Identifier: Starts with 'S' followed by numbers, no specific pattern provided in samples.",
                "Nullable": false,
                "Sample Values": [
                    "S18_1749",
                    "S18_2248",
                    "S18_4409"
                ]
            },
            {
                "Column": "quantityOrdered",
                "Description": "The quantity of the product ordered.",
                "Format": "Numeric: Integer values representing quantities.",
                "Nullable": false,
                "Sample Values": [
                    "30",
                    "50",
                    "22"
                ]
            },
            {
                "Column": "priceEach",
                "Description": "The price for each unit of the product ordered.",
                "Format": "Numeric: Decimal values with up to two decimal places representing currency.",
                "Nullable": false,
                "Sample Values": [
                    "136.0",
                    "55.09",
                    "75.46"
                ]
            },
            {
                "Column": "orderLineNumber",
                "Description": "The line number of the order detail within an order, indicating the sequence or position.",
                "Format": "Numeric: Integer values representing a sequence number.",
                "Nullable": false,
                "Sample Values": [
                    "3",
                    "2",
                    "4"
                ]
            }
        ]
    }
}
]

{
  "use_cases": [
    {
      "use_case_id": "C001",
      "title": "Product Line Sales Analysis",
      "description": "Analyze sales by product line to determine which categories are most profitable and popular among customers. This will help in tailoring marketing strategies, optimizing inventory, and focusing on high-demand products.",
      "data_sources": [
        "products.csv",
        "orderdetails.csv"
      ],
      "columns_utilized": [
        "products.csv.productLine",
        "products.csv.productCode",
        "orderdetails.csv.orderNumber",
        "orderdetails.csv.quantityOrdered",
        "orderdetails.csv.priceEach"
      ],
      "relationships_leveraged": "The productCode column in products.csv relates to the same column in orderdetails.csv, allowing a detailed analysis of sales data and revenue generated by each product line."
    },
    {
      "use_case_id": "C002",
      "title": "Customer Payment Trends Analysis",
      "description": "Identify payment trends from customers including their frequency, amount, and timeliness. This can help in managing credit risk, improving customer service, and optimizing the cash flow.",
      "data_sources": [
        "customer.csv",
        "payments.csv"
      ],
      "columns_utilized": [
        "customer.csv.customerNumber",
        "customer.csv.customerName",
        "payments.csv.checkNumber",
        "payments.csv.paymentDate",
        "payments.csv.amount"
      ],
      "relationships_leveraged": "The customerNumber column in customer.csv is linked to the same column in payments.csv, enabling a detailed analysis of payment patterns by individual customers."
    },
    {
      "use_case_id": "C003",
      "title": "Order Fulfillment Efficiency Analysis",
      "description": "Evaluate the efficiency and timeliness of order fulfillment processes. This includes analyzing the time difference between order placement and shipment dates to identify bottlenecks and improve logistics.",
      "data_sources": [
        "orders.csv"
      ],
      "columns_utilized": [
        "orders.csv.orderNumber",
        "orders.csv.orderDate",
        "orders.csv.shippedDate"
      ],
      "relationships_leveraged": "The orderDate and shippedDate columns are directly related in orders.csv, allowing the computation of fulfillment times to identify areas for operational improvement."
    },
    {
      "use_case_id": "C004",
      "title": "Employee Sales Performance Analysis",
      "description": "Analyze sales performance attributed to each employee responsible for customer accounts. Identify high-performing employees and understand their strategies or qualities that lead to higher revenue.",
      "data_sources": [
        "customer.csv",
        "employee.csv"
      ],
      "columns_utilized": [
        "customer.csv.salesRepEmployeeNumber",
        "customer.csv.customerName",
        "employee.csv.employeeNumber",
        "employee.csv.lastName",
        "employee.csv.firstName"
      ],
      "relationships_leveraged": "The salesRepEmployeeNumber in customer.csv links to the employeeNumber in employee.csv, allowing a detailed analysis of each employee's contribution towards overall company revenue."
    },
    {
      "use_case_id": "C005",
      "title": "Geographic Sales Distribution Analysis",
      "description": "Analyze the distribution and profitability of sales across different geographic locations to tailor regional marketing strategies. This can help in identifying underperforming regions that need more focus.",
      "data_sources": [
        "customer.csv",
        "orders.csv"
      ],
      "columns_utilized": [
        "customer.csv.customerNumber",
        "customer.csv.city",
        "customer.csv.country",
        "orders.csv.orderNumber",
        "orders.csv.status"
      ],
      "relationships_leveraged": "The customerNumber in customer.csv is linked to the same column in orders.csv, allowing an analysis of geographic distribution and sales performance by location."
    }
  ]
}