[
{
    "Data Dictionary": {
        "filename": "products.csv",
        "columns": [
            {
                "Column": "productCode",
                "Description": "Unique identifier for each product.",
                "Format": "Identifier: Starts with a letter followed by numbers (e.g., S10_1678).",
                "Nullable": false,
                "Sample Values": [
                    "S10_1678",
                    "S10_1949",
                    "S10_2016"
                ]
            },
            {
                "Column": "productName",
                "Description": "Name of the product.",
                "Format": "Text: Contains free-form text strings representing names (e.g., 1969 Harley Davidson Ultimate Chopper).",
                "Nullable": false,
                "Sample Values": [
                    "1969 Harley Davidson Ultimate Chopper",
                    "1952 Alpine Renault 1300",
                    "1996 Moto Guzzi 1100i"
                ]
            },
            {
                "Column": "productLine",
                "Description": "Category or line to which the product belongs.",
                "Format": "Categorical: Represents categories such as Motorcycles, Classic Cars (e.g., Motorcycles).",
                "Nullable": false,
                "Sample Values": [
                    "Motorcycles",
                    "Classic Cars",
                    "Motorcycles"
                ]
            },
            {
                "Column": "productScale",
                "Description": "The scale at which the product is made.",
                "Format": "Text: Contains text strings representing scales (e.g., 1:10).",
                "Nullable": false,
                "Sample Values": [
                    "1:10",
                    "1:10",
                    "1:10"
                ]
            },
            {
                "Column": "productVendor",
                "Description": "The vendor or manufacturer of the product.",
                "Format": "Text: Contains free-form text strings representing names (e.g., Min Lin Diecast).",
                "Nullable": false,
                "Sample Values": [
                    "Min Lin Diecast",
                    "Classic Metal Creations",
                    "Highway 66 Mini Classics"
                ]
            },
            {
                "Column": "productDescription",
                "Description": "Detailed description of the product.",
                "Format": "Text: Contains free-form text strings describing features and details (e.g., This replica features working kickstand, front suspension...).",
                "Nullable": false,
                "Sample Values": [
                    "This replica features working kickstand, front suspension...",
                    "Turnable front wheels, steering function, detailed interior...",
                    "Official Moto Guzzi logos and insignias, saddle bags located on side of motorcycle..."
                ]
            },
            {
                "Column": "quantityInStock",
                "Description": "The quantity of the product currently in stock.",
                "Format": "Numeric: Represents integer values (e.g., 7933).",
                "Nullable": false,
                "Sample Values": [
                    "7933",
                    "7305",
                    "6625"
                ]
            },
            {
                "Column": "buyPrice",
                "Description": "The price at which the product is bought.",
                "Format": "Numeric: Represents decimal values (e.g., 48.81).",
                "Nullable": false,
                "Sample Values": [
                    "48.81",
                    "98.58",
                    "68.99"
                ]
            },
            {
                "Column": "MSRP",
                "Description": "Manufacturer's Suggested Retail Price for the product.",
                "Format": "Numeric: Represents decimal values (e.g., 95.7).",
                "Nullable": false,
                "Sample Values": [
                    "95.7",
                    "214.3",
                    "118.94"
                ]
            }
        ]
    }
},
{
    "Data Dictionary": {
        "filename": "orders.csv",
        "columns": [
            {
                "Column": "orderNumber",
                "Description": "Unique identifier for each order.",
                "Format": "Identifier: Starts with a number and consists of integers only.",
                "Nullable": false,
                "Sample Values": [
                    "10100",
                    "10101",
                    "10102"
                ]
            },
            {
                "Column": "orderDate",
                "Description": "The date when the order was placed.",
                "Format": "Datetime: YYYY-MM-DD format.",
                "Nullable": false,
                "Sample Values": [
                    "2003-01-06",
                    "2003-01-09",
                    "2003-01-10"
                ]
            },
            {
                "Column": "requiredDate",
                "Description": "The date by which the order is required to be completed.",
                "Format": "Datetime: YYYY-MM-DD format.",
                "Nullable": false,
                "Sample Values": [
                    "2003-01-13",
                    "2003-01-18",
                    "2003-01-18"
                ]
            },
            {
                "Column": "shippedDate",
                "Description": "The date when the order was shipped.",
                "Format": "Datetime: YYYY-MM-DD format.",
                "Nullable": false,
                "Sample Values": [
                    "2003-01-10",
                    "2003-01-11",
                    "2003-01-14"
                ]
            },
            {
                "Column": "status",
                "Description": "The current status of the order.",
                "Format": "Categorical: Represents different statuses such as 'Shipped'.",
                "Nullable": false,
                "Sample Values": [
                    "Shipped",
                    "Shipped",
                    "Shipped"
                ]
            },
            {
                "Column": "comments",
                "Description": "Additional notes or comments related to the order.",
                "Format": "Text: Contains free-form text strings.",
                "Nullable": true,
                "Sample Values": [
                    "Check on availability.",
                    "Difficult to negotiate with customer. We need more marketing materials",
                    "Customer requested that FedEx Ground is used for this shipping"
                ]
            },
            {
                "Column": "customerNumber",
                "Description": "Unique identifier for the customer associated with the order.",
                "Format": "Identifier: Starts with a number and consists of integers only.",
                "Nullable": false,
                "Sample Values": [
                    "363",
                    "128",
                    "181"
                ]
            }
        ]
    }
},
{
    "Data Dictionary": {
        "filename": "employee.csv",
        "columns": [
            {
                "Column": "employeeNumber",
                "Description": "Unique identifier for each employee.",
                "Format": "Identifier: Starts with a number, no specific pattern beyond being numeric.",
                "Nullable": false,
                "Sample Values": [
                    "1002",
                    "1056",
                    "1076"
                ]
            },
            {
                "Column": "lastName",
                "Description": "Last name of the employee.",
                "Format": "Text: Contains alphabetic characters only, representing last names.",
                "Nullable": false,
                "Sample Values": [
                    "Murphy",
                    "Patterson",
                    "Firrelli"
                ]
            },
            {
                "Column": "firstName",
                "Description": "First name of the employee.",
                "Format": "Text: Contains alphabetic characters only, representing first names.",
                "Nullable": false,
                "Sample Values": [
                    "Diane",
                    "Mary",
                    "Jeff"
                ]
            },
            {
                "Column": "extension",
                "Description": "Employee's extension number used for internal communication.",
                "Format": "Identifier: Starts with 'x' followed by numbers, e.g., x5800.",
                "Nullable": false,
                "Sample Values": [
                    "x5800",
                    "x4611",
                    "x9273"
                ]
            },
            {
                "Column": "email",
                "Description": "Employee's email address used for official communication.",
                "Format": "Text: Contains alphanumeric characters, '@', and domain name.",
                "Nullable": false,
                "Sample Values": [
                    "dmurphy@classicmodelcars.com",
                    "mpatterso@classicmodelcars.com",
                    "jfirrelli@classicmodelcars.com"
                ]
            },
            {
                "Column": "officeCode",
                "Description": "Identifier for the office where the employee works.",
                "Format": "Numeric: Represents an integer value, likely a code.",
                "Nullable": false,
                "Sample Values": [
                    "1",
                    "1",
                    "1"
                ]
            },
            {
                "Column": "reportsTo",
                "Description": "Employee number of the person to whom this employee reports directly.",
                "Format": "Identifier: Starts with '0' for top-level employees or a numeric identifier like other employee numbers.",
                "Nullable": false,
                "Sample Values": [
                    "0",
                    "1002",
                    "1002"
                ]
            },
            {
                "Column": "jobTitle",
                "Description": "The job title of the employee within the company.",
                "Format": "Text: Contains alphabetic characters, spaces, and possibly hyphens or other punctuation to describe a role.",
                "Nullable": false,
                "Sample Values": [
                    "President",
                    "VP Sales",
                    "VP Marketing"
                ]
            }
        ]
    }
},
{
    "Data Dictionary": {
        "filename": "office.csv",
        "columns": [
            {
                "Column": "officeCode",
                "Description": "A unique identifier for each office.",
                "Format": "Identifier: Starts with a number like 1, 2, etc.",
                "Nullable": false,
                "Sample Values": [
                    "1",
                    "2",
                    "3"
                ]
            },
            {
                "Column": "city",
                "Description": "The city where the office is located.",
                "Format": "Text: Contains names of cities.",
                "Nullable": false,
                "Sample Values": [
                    "San Francisco",
                    "Boston",
                    "NYC"
                ]
            },
            {
                "Column": "phone",
                "Description": "Phone number for contacting the office.",
                "Format": "Text: International format with country code like +1 650 219 4782.",
                "Nullable": false,
                "Sample Values": [
                    "+1 650 219 4782",
                    "+1 215 837 0825",
                    "+1 212 555 3000"
                ]
            },
            {
                "Column": "addressLine1",
                "Description": "The first line of the office's address.",
                "Format": "Text: Contains street and number like '100 Market Street'.",
                "Nullable": false,
                "Sample Values": [
                    "100 Market Street",
                    "1550 Court Place",
                    "523 East 53rd Street"
                ]
            },
            {
                "Column": "addressLine2",
                "Description": "The second line of the office's address, often includes suite or apartment number.",
                "Format": "Text: Contains additional location details like 'Suite 300'.",
                "Nullable": true,
                "Sample Values": [
                    "Suite 300",
                    "Suite 102",
                    "apt. 5A"
                ]
            },
            {
                "Column": "state",
                "Description": "The state where the office is located.",
                "Format": "Text: Contains two-letter abbreviations like 'CA'.",
                "Nullable": false,
                "Sample Values": [
                    "CA",
                    "MA",
                    "NY"
                ]
            },
            {
                "Column": "country",
                "Description": "The country where the office is located.",
                "Format": "Categorical: Country names, e.g., 'USA'.",
                "Nullable": false,
                "Sample Values": [
                    "USA",
                    "USA",
                    "USA"
                ]
            },
            {
                "Column": "postalCode",
                "Description": "Postal or zip code for the office's address.",
                "Format": "Text: Contains numeric codes like '94080'.",
                "Nullable": false,
                "Sample Values": [
                    "94080",
                    "02107",
                    "10022"
                ]
            },
            {
                "Column": "territory",
                "Description": "The territory or region the office serves.",
                "Format": "Categorical: Region names, e.g., 'EMEA'.",
                "Nullable": false,
                "Sample Values": [
                    "EMEA",
                    "Japan",
                    "APAC"
                ]
            }
        ]
    }
},
{
    "Data Dictionary": {
        "filename": "customer.csv",
        "columns": [
            {
                "Column": "customerNumber",
                "Description": "Unique identifier for each customer.",
                "Format": "Identifier: Starts with a number like 103, 112, etc.",
                "Nullable": false,
                "Sample Values": [
                    "103",
                    "112",
                    "114"
                ]
            },
            {
                "Column": "customerName",
                "Description": "The name of the customer company or individual.",
                "Format": "Text: Contains free-form text strings like 'Atelier graphique'.",
                "Nullable": false,
                "Sample Values": [
                    "Atelier graphique",
                    "Signal Gift Stores",
                    "Australian Collectors, Co."
                ]
            },
            {
                "Column": "contactLastName",
                "Description": "The last name of the primary contact person for the customer.",
                "Format": "Text: Contains free-form text strings like 'Schmitt'.",
                "Nullable": false,
                "Sample Values": [
                    "Schmitt",
                    "King",
                    "Ferguson"
                ]
            },
            {
                "Column": "contactFirstName",
                "Description": "The first name of the primary contact person for the customer.",
                "Format": "Text: Contains free-form text strings like 'Carine'.",
                "Nullable": false,
                "Sample Values": [
                    "Carine ",
                    "Jean",
                    "Peter"
                ]
            },
            {
                "Column": "phone",
                "Description": "The phone number of the primary contact person for the customer.",
                "Format": "Text: Contains free-form text strings like '40.32.2555'.",
                "Nullable": false,
                "Sample Values": [
                    "40.32.2555",
                    "7025551838",
                    "03 9520 4555"
                ]
            },
            {
                "Column": "addressLine1",
                "Description": "The first line of the customer's address.",
                "Format": "Text: Contains free-form text strings like '54, rue Royale'.",
                "Nullable": false,
                "Sample Values": [
                    "54, rue Royale",
                    "8489 Strong St.",
                    "636 St Kilda Road"
                ]
            },
            {
                "Column": "addressLine2",
                "Description": "The second line of the customer's address.",
                "Format": "Text: Contains free-form text strings like 'Level 3'.",
                "Nullable": false,
                "Sample Values": [
                    "Level 3",
                    "Bronz Apt. 3/6 Tesvikiye",
                    "Suite 400"
                ]
            },
            {
                "Column": "city",
                "Description": "The city where the customer is located.",
                "Format": "Text: Contains free-form text strings like 'Nantes'.",
                "Nullable": false,
                "Sample Values": [
                    "Nantes",
                    "Las Vegas",
                    "Melbourne"
                ]
            },
            {
                "Column": "state",
                "Description": "The state or province where the customer is located.",
                "Format": "Text: Contains free-form text strings like 'NV'.",
                "Nullable": false,
                "Sample Values": [
                    "NV",
                    "",
                    ""
                ]
            },
            {
                "Column": "postalCode",
                "Description": "The postal code of the customer's address.",
                "Format": "Identifier: Starts with a number like 44000, 83030, etc.",
                "Nullable": false,
                "Sample Values": [
                    "44000",
                    "83030",
                    "3004"
                ]
            },
            {
                "Column": "country",
                "Description": "The country where the customer is located.",
                "Format": "Text: Contains free-form text strings like 'France'.",
                "Nullable": false,
                "Sample Values": [
                    "France",
                    "USA",
                    "Australia"
                ]
            },
            {
                "Column": "salesRepEmployeeNumber",
                "Description": "Unique identifier for each sales representative employee associated with the customer.",
                "Format": "Identifier: Starts with a number like 1370, 1166, etc.",
                "Nullable": false,
                "Sample Values": [
                    "1370",
                    "1166",
                    "1611"
                ]
            },
            {
                "Column": "creditLimit",
                "Description": "The credit limit assigned to the customer.",
                "Format": "Numeric: Decimal numbers like 21000.0, 71800.0, etc.",
                "Nullable": false,
                "Sample Values": [
                    "21000.0",
                    "71800.0",
                    "117300.0"
                ]
            }
        ]
    }
},
{
    "Data Dictionary": {
        "filename": "productlines.csv",
        "columns": [
            {
                "Column": "productLine",
                "Description": "Category of product lines available.",
                "Format": "Categorical",
                "Nullable": false,
                "Sample Values": [
                    "Classic Cars",
                    "Motorcycles",
                    "Planes"
                ]
            },
            {
                "Column": "textDescription",
                "Description": "Detailed textual description about the products in each category, highlighting features and specifications.",
                "Format": "Text",
                "Nullable": false,
                "Sample Values": [
                    "Attention car enthusiasts: Make your wildest car ownership dreams come true. Whether you are looking for classic muscle cars, dream sports cars or movie-inspired miniatures, you will find great choices in this category. These replicas feature superb attention to detail and craftsmanship...",
                    "Our motorcycles are state of the art replicas of classic as well as contemporary motorcycle legends such as Harley Davidson, Ducati and Vespa. Models contain stunning details such as official logos, rotating wheels, working kickstand, front suspension, gear-shift lever,...",
                    "Unique, diecast airplane and helicopter replicas suitable for collections, as well as home, office or classroom decorations. Models contain stunning details such as official logos and insignias, rotating jet engines and propellers, retractable wheels..."
                ]
            },
            {
                "Column": "htmlDescription",
                "Description": "HTML formatted description of the product lines.",
                "Format": "Text (HTML)",
                "Nullable": true,
                "Sample Values": [
                    null,
                    null,
                    null
                ]
            },
            {
                "Column": "image",
                "Description": "Image representation or link to an image for each product line category.",
                "Format": "None",
                "Nullable": true,
                "Sample Values": [
                    null,
                    null,
                    null
                ]
            }
        ]
    }
},
{
    "Data Dictionary": {
        "filename": "payments.csv",
        "columns": [
            {
                "Column": "customerNumber",
                "Description": "A unique identifier for each customer.",
                "Format": "Identifier: Starts with a number followed by more numbers (e.g., 103)",
                "Nullable": false,
                "Sample Values": [
                    "103",
                    "103",
                    "103"
                ]
            },
            {
                "Column": "checkNumber",
                "Description": "A unique identifier for each payment check.",
                "Format": "Identifier: Starts with two letters followed by numbers (e.g., HQ336336)",
                "Nullable": false,
                "Sample Values": [
                    "HQ336336",
                    "JM555205",
                    "OM314933"
                ]
            },
            {
                "Column": "paymentDate",
                "Description": "The date when the payment was made.",
                "Format": "Datetime: YYYY-MM-DD (e.g., 2004-10-19)",
                "Nullable": false,
                "Sample Values": [
                    "2004-10-19",
                    "2003-06-05",
                    "2004-12-18"
                ]
            },
            {
                "Column": "amount",
                "Description": "The monetary amount of the payment.",
                "Format": "Numeric: Decimal numbers (e.g., 6066.78)",
                "Nullable": false,
                "Sample Values": [
                    "6066.78",
                    "14571.44",
                    "1676.14"
                ]
            }
        ]
    }
},
{
    "Data Dictionary": {
        "filename": "orderdetails.csv",
        "columns": [
            {
                "Column": "orderNumber",
                "Description": "The unique identifier for each order.",
                "Format": "Identifier: Starts with a number, no specific pattern beyond that.",
                "Nullable": false,
                "Sample Values": [
                    "10100",
                    "10100",
                    "10100"
                ]
            },
            {
                "Column": "productCode",
                "Description": "The unique identifier for each product in the order.",
                "Format": "Identifier: Starts with 'S', followed by two digits, underscore and four more digits.",
                "Nullable": false,
                "Sample Values": [
                    "S18_1749",
                    "S18_2248",
                    "S18_4409"
                ]
            },
            {
                "Column": "quantityOrdered",
                "Description": "The quantity of the product ordered.",
                "Format": "Numeric: Integer values representing quantities.",
                "Nullable": false,
                "Sample Values": [
                    "30",
                    "50",
                    "22"
                ]
            },
            {
                "Column": "priceEach",
                "Description": "The price for each unit of the product in the order.",
                "Format": "Numeric: Decimal numbers indicating prices.",
                "Nullable": false,
                "Sample Values": [
                    "136.0",
                    "55.09",
                    "75.46"
                ]
            },
            {
                "Column": "orderLineNumber",
                "Description": "The line number of the order detail within an order, representing the sequence or position in which items are listed.",
                "Format": "Numeric: Integer values indicating positions.",
                "Nullable": false,
                "Sample Values": [
                    "3",
                    "2",
                    "4"
                ]
            }
        ]
    }
}
]

{
  "use_cases": [
    {
      "use_case_id": "C001",
      "title": "Customer Payment Analysis and Credit Limit Utilization",
      "description": "This use case aims to understand customer payment patterns, identify high-value customers, and assess the utilization of their credit limits. By analyzing these metrics, we can enhance customer relationships, optimize credit policies, and ensure financial stability.",
      "data_sources": [
        "customer.csv",
        "payments.csv"
      ],
      "columns_utilized": [
        "customer.csv.customerNumber",
        "customer.csv.customerName",
        "customer.csv.creditLimit",
        "payments.csv.customerNumber",
        "payments.csv.paymentDate",
        "payments.csv.amount"
      ],
      "relationships_leveraged": "The customerNumber column links the 'customer' and 'payments' datasets, enabling a detailed analysis of payment behaviors and credit limit usage."
    },
    {
      "use_case_id": "C002",
      "title": "Product Line Sales Performance Analysis",
      "description": "This use case evaluates the sales performance by product line to identify top-selling categories and their contribution to overall revenue. Insights can inform inventory management, marketing strategies, and product development priorities.",
      "data_sources": [
        "products.csv",
        "orderdetails.csv"
      ],
      "columns_utilized": [
        "products.csv.productLine",
        "orderdetails.csv.orderNumber",
        "orderdetails.csv.productCode",
        "orderdetails.quantityOrdered",
        "orderdetails.priceEach"
      ],
      "relationships_leveraged": "The productCode column connects the 'products' and 'orderdetails' datasets, allowing for the aggregation of sales data by product line."
    },
    {
      "use_case_id": "C003",
      "title": "Employee Performance Evaluation Based on Customer Sales",
      "description": "This use case examines employee performance through their associated customer sales. By analyzing the total revenue generated from customers assigned to each sales representative, we can identify high-performing and underperforming employees.",
      "data_sources": [
        "employee.csv",
        "customer.csv",
        "orders.csv"
      ],
      "columns_utilized": [
        "employee.csv.employeeNumber",
        "customer.csv.salesRepEmployeeNumber",
        "customer.csv.customerName",
        "orders.orderNumber",
        "orders.customerNumber"
      ],
      "relationships_leveraged": "The salesRepEmployeeNumber in 'customer' links to employeeNumber in 'employee', while customerNumber connects customers with their orders, allowing for a comprehensive evaluation of each representative's performance."
    },
    {
      "use_case_id": "C004",
      "title": "Operational Efficiency Improvement through Order Fulfillment Analysis",
      "description": "This use case aims to optimize order fulfillment processes by analyzing the time taken from placing orders to shipping. By identifying any delays or inefficiencies, we can improve logistics and customer satisfaction.",
      "data_sources": [
        "orders.csv"
      ],
      "columns_utilized": [
        "orders.orderDate",
        "orders.requiredDate",
        "orders.shippedDate",
        "orders.status",
        "orders.customerNumber"
      ],
      "relationships_leveraged": "The orderDate, requiredDate, and shippedDate columns provide insights into the timeline of each order status, enabling us to identify patterns or issues in fulfilling orders."
    },
    {
      "use_case_id": "C005",
      "title": "Geographical Sales Distribution Analysis by Customer Location",
      "description": "This use case explores sales distribution across different geographic regions based on customer locations. Understanding regional sales performance can help tailor marketing efforts and optimize supply chain logistics.",
      "data_sources": [
        "customer.csv",
        "orders.csv"
      ],
      "columns_utilized": [
        "customer.city",
        "customer.state",
        "customer.country",
        "orders.customerNumber"
      ],
      "relationships_leveraged": "The customerNumber field in both 'customer' and 'orders' datasets links the two, facilitating a detailed analysis of sales by geographic location."
    },
    {
      "use_case_id": "C006",
      "title": "Product Inventory Management Based on Sales Trends",
      "description": "This use case focuses on managing product inventory levels based on recent sales trends. By analyzing order quantities and stock availability, we can ensure optimal inventory levels to meet demand without excessive holding costs.",
      "data_sources": [
        "products.csv",
        "orderdetails.csv"
      ],
      "columns_utilized": [
        "products.productCode",
        "products.quantityInStock",
        "orderdetails.orderNumber",
        "orderdetails.productCode",
        "orderdetails.quantityOrdered"
      ],
      "relationships_leveraged": "The productCode column in both datasets provides a direct relationship, enabling the aggregation of order details with inventory data to assess stock levels relative to demand."
    },
    {
      "use_case_id": "C007",
      "title": "Employee Office Distribution and Performance Analysis",
      "description": "This use case analyzes employee distribution across different offices and their performance. By identifying high-performing teams or regions, we can optimize office resource allocation and enhance productivity.",
      "data_sources": [
        "employee.csv",
        "office.csv"
      ],
      "columns_utilized": [
        "employee.officeCode",
        "employee.employeeNumber",
        "employee.jobTitle",
        "office.city",
        "office.country"
      ],
      "relationships_leveraged": "The officeCode field in both 'employee' and 'office' datasets allows us to correlate employees with their respective offices, providing insights into regional performance."
    }
  ]
}